This is pdfTeX, Version 3.14159265-2.6-1.40.15 (TeX Live 2014) (preloaded format=pdflatex 2014.8.18)  17 AUG 2016 12:18
entering extended mode
 restricted \write18 enabled.
 file:line:error style messages enabled.
 %&-line parsing enabled.
**tension.tex
(./tension.tex
LaTeX2e <2014/05/01>
Babel <3.9k> and hyphenation patterns for 78 languages loaded.
(/usr/local/texlive/2014/texmf-dist/tex/latex/revtex/revtex4-1.cls
Document Class: revtex4-1 2010/07/25/20:33:00 4.1r (http://publish.aps.org/revt
ex4/ for documentation)
 Copyright (c) 2009 The American Physical Society.
 mailto:revtex@aps.org
 Licensed under the LPPL:
http://www.ctan.org/tex-archive/macros/latex/base/lppl.txt
 Arthur Ogawa <arthur_ogawa at sbcglobal dot net>
 Based on work by David Carlisle <david at dcarlisle.demon.co.uk>.
ltxutil[2010/07/25/20:33:00 4.1r utilities package (portions licensed from W. E
. Baxter web at superscript.com)]
LaTeX Info: Redefining \@centercr on input line 308.
Class revtex4-1 Info: Repairing broken LaTeX eqnarray on input line 358.
\eqncolsep=\skip41
Class revtex4-1 Info: Repairing hyperref-unfriendly LaTeX definition of \mpfoot
note on input line 433.
Class revtex4-1 Info: Repairing broken LateX \@sect on input line 755.
\intertabularlinepenalty=\count79
\@tbpen=\count80
\@arstrutbox@hline=\box26
Class revtex4-1 Info: Repairing broken LaTeX \@xbitor on input line 1786.
Class revtex4-1 Info: Making \typeout \long on input line 2046.
ltxfront[2010/07/25/20:33:00 4.1r frontmatter package (AO,DPC)]
\c@affil=\count81
\c@collab=\count82
\absbox=\box27
ltxgrid[2010/07/25/20:33:00 4.1r page grid package (portions licensed from W. E
. Baxter web at superscript.com)]
\c@linecount=\count83
\output@latex=\toks14
\box@size@1=\box28
\box@size@2=\box29
\@protection@box=\box30
\@topmark@saved=\toks15
\footins@saved=\box31
\footins@recovered=\box32
\column@recovered=\box33
\pagesofar=\box34
\footsofar=\box35
\pagegrid@col=\count84
Class revtex4-1 Info: Overriding \@vspace, \@vspacer, \@no@pgbk, \@newline, and
 \\  on input line 5578.
\c@part=\count85
\c@section=\count86
\c@subsection=\count87
\c@subsubsection=\count88
\c@paragraph=\count89
\c@subparagraph=\count90
\abovecaptionskip=\skip42
\belowcaptionskip=\skip43
\c@figure=\count91
\fbox@1=\box36
\c@table=\count92
\fbox@2=\box37
\c@video=\count93
\fbox@4=\box38
\@bibdataout=\write3
\widetext@top=\box39
\widetext@bot=\box40

Class revtex4-1 Warning: No Society specified, using default society aps.

(/usr/local/texlive/2014/texmf-dist/tex/latex/revtex/aps4-1.rtx
File: aps4-1 2010/07/25/20:33:00 4.1r (http://publish.aps.org/revtex4/ for docu
mentation)
Class revtex4-1 Info: RevTeX society APS selected on input line 31.
)

Class revtex4-1 Warning: No journal specified, using default pra.

Class revtex4-1 Info: APS journal PRA selected on input line 7545.

Class revtex4-1 Warning: No type size specified, using default 10.

(/usr/local/texlive/2014/texmf-dist/tex/latex/revtex/aps10pt4-1.rtx
File: aps10pt4-1 2010/07/25/20:33:00 4.1r (http://publish.aps.org/revtex4/ for 
documentation)
Class revtex4-1 Info: RevTeX pointsize 10pt selected on input line 30.
)
(/usr/local/texlive/2014/texmf-dist/tex/latex/textcase/textcase.sty
Package: textcase 2004/10/07 v0.07 Text only upper/lower case changing (DPC)
)
(/usr/local/texlive/2014/texmf-dist/tex/latex/url/url.sty
\Urlmuskip=\muskip10
Package: url 2013/09/16  ver 3.4  Verb mode for urls, etc.
)
(/usr/local/texlive/2014/texmf-dist/tex/latex/natbib/natbib.sty
Package: natbib 2010/09/13 8.31b (PWD, AO)
\bibhang=\skip44
\bibsep=\skip45
LaTeX Info: Redefining \cite on input line 694.
\c@NAT@ctr=\count94
)
Class revtex4-1 Info: Repairing natbib's \BibitemShut on input line 7549.

(/usr/local/texlive/2014/texmf-dist/tex/latex/revtex/revsymb4-1.sty
Package: revsymb4-1 2010/07/25/20:33:00 4.1r (http://publish.aps.org/revtex4/ f
or documentation)
LaTeX Info: Redefining \REV@mathfrak on input line 119.
))
(/usr/local/texlive/2014/texmf-dist/tex/latex/graphics/graphicx.sty
Package: graphicx 2014/04/25 v1.0g Enhanced LaTeX Graphics (DPC,SPQR)

(/usr/local/texlive/2014/texmf-dist/tex/latex/graphics/keyval.sty
Package: keyval 2014/05/08 v1.15 key=value parser (DPC)
\KV@toks@=\toks16
)
(/usr/local/texlive/2014/texmf-dist/tex/latex/graphics/graphics.sty
Package: graphics 2009/02/05 v1.0o Standard LaTeX Graphics (DPC,SPQR)

(/usr/local/texlive/2014/texmf-dist/tex/latex/graphics/trig.sty
Package: trig 1999/03/16 v1.09 sin cos tan (DPC)
)
(/usr/local/texlive/2014/texmf-dist/tex/latex/latexconfig/graphics.cfg
File: graphics.cfg 2010/04/23 v1.9 graphics configuration of TeX Live
)
Package graphics Info: Driver file: pdftex.def on input line 91.

(/usr/local/texlive/2014/texmf-dist/tex/latex/pdftex-def/pdftex.def
File: pdftex.def 2011/05/27 v0.06d Graphics/color for pdfTeX

(/usr/local/texlive/2014/texmf-dist/tex/generic/oberdiek/infwarerr.sty
Package: infwarerr 2010/04/08 v1.3 Providing info/warning/error messages (HO)
)
(/usr/local/texlive/2014/texmf-dist/tex/generic/oberdiek/ltxcmds.sty
Package: ltxcmds 2011/11/09 v1.22 LaTeX kernel commands for general use (HO)
)
\Gread@gobject=\count95
))
\Gin@req@height=\dimen102
\Gin@req@width=\dimen103
)
(/usr/local/texlive/2014/texmf-dist/tex/latex/float/float.sty
Package: float 2001/11/08 v1.3d Float enhancements (AL)
\c@float@type=\count96
\float@exts=\toks17
\float@box=\box41
\@float@everytoks=\toks18
\@floatcapt=\box42
)
(/usr/local/texlive/2014/texmf-dist/tex/latex/hyperref/hyperref.sty
Package: hyperref 2012/11/06 v6.83m Hypertext links for LaTeX

(/usr/local/texlive/2014/texmf-dist/tex/generic/oberdiek/hobsub-hyperref.sty
Package: hobsub-hyperref 2012/05/28 v1.13 Bundle oberdiek, subset hyperref (HO)


(/usr/local/texlive/2014/texmf-dist/tex/generic/oberdiek/hobsub-generic.sty
Package: hobsub-generic 2012/05/28 v1.13 Bundle oberdiek, subset generic (HO)
Package: hobsub 2012/05/28 v1.13 Construct package bundles (HO)
Package hobsub Info: Skipping package `infwarerr' (already loaded).
Package hobsub Info: Skipping package `ltxcmds' (already loaded).
Package: ifluatex 2010/03/01 v1.3 Provides the ifluatex switch (HO)
Package ifluatex Info: LuaTeX not detected.
Package: ifvtex 2010/03/01 v1.5 Detect VTeX and its facilities (HO)
Package ifvtex Info: VTeX not detected.
Package: intcalc 2007/09/27 v1.1 Expandable calculations with integers (HO)
Package: ifpdf 2011/01/30 v2.3 Provides the ifpdf switch (HO)
Package ifpdf Info: pdfTeX in PDF mode is detected.
Package: etexcmds 2011/02/16 v1.5 Avoid name clashes with e-TeX commands (HO)
Package etexcmds Info: Could not find \expanded.
(etexcmds)             That can mean that you are not using pdfTeX 1.50 or
(etexcmds)             that some package has redefined \expanded.
(etexcmds)             In the latter case, load this package earlier.
Package: kvsetkeys 2012/04/25 v1.16 Key value parser (HO)
Package: kvdefinekeys 2011/04/07 v1.3 Define keys (HO)
Package: pdftexcmds 2011/11/29 v0.20 Utility functions of pdfTeX for LuaTeX (HO
)
Package pdftexcmds Info: LuaTeX not detected.
Package pdftexcmds Info: \pdf@primitive is available.
Package pdftexcmds Info: \pdf@ifprimitive is available.
Package pdftexcmds Info: \pdfdraftmode found.
Package: pdfescape 2011/11/25 v1.13 Implements pdfTeX's escape features (HO)
Package: bigintcalc 2012/04/08 v1.3 Expandable calculations on big integers (HO
)
Package: bitset 2011/01/30 v1.1 Handle bit-vector datatype (HO)
Package: uniquecounter 2011/01/30 v1.2 Provide unlimited unique counter (HO)
)
Package hobsub Info: Skipping package `hobsub' (already loaded).
Package: letltxmacro 2010/09/02 v1.4 Let assignment for LaTeX macros (HO)
Package: hopatch 2012/05/28 v1.2 Wrapper for package hooks (HO)
Package: xcolor-patch 2011/01/30 xcolor patch
Package: atveryend 2011/06/30 v1.8 Hooks at the very end of document (HO)
Package: atbegshi 2011/10/05 v1.16 At begin shipout hook (HO)
Package: refcount 2011/10/16 v3.4 Data extraction from label references (HO)
Package: hycolor 2011/01/30 v1.7 Color options for hyperref/bookmark (HO)
)
(/usr/local/texlive/2014/texmf-dist/tex/generic/ifxetex/ifxetex.sty
Package: ifxetex 2010/09/12 v0.6 Provides ifxetex conditional
)
(/usr/local/texlive/2014/texmf-dist/tex/latex/oberdiek/auxhook.sty
Package: auxhook 2011/03/04 v1.3 Hooks for auxiliary files (HO)
)
(/usr/local/texlive/2014/texmf-dist/tex/latex/oberdiek/kvoptions.sty
Package: kvoptions 2011/06/30 v3.11 Key value format for package options (HO)
)
\@linkdim=\dimen104
\Hy@linkcounter=\count97
\Hy@pagecounter=\count98

(/usr/local/texlive/2014/texmf-dist/tex/latex/hyperref/pd1enc.def
File: pd1enc.def 2012/11/06 v6.83m Hyperref: PDFDocEncoding definition (HO)
)
\Hy@SavedSpaceFactor=\count99

(/usr/local/texlive/2014/texmf-dist/tex/latex/latexconfig/hyperref.cfg
File: hyperref.cfg 2002/06/06 v1.2 hyperref configuration of TeXLive
)
Package hyperref Info: Option `breaklinks' set `true' on input line 4319.
Package hyperref Info: Option `colorlinks' set `true' on input line 4319.
Package hyperref Info: Hyper figures OFF on input line 4443.
Package hyperref Info: Link nesting OFF on input line 4448.
Package hyperref Info: Hyper index ON on input line 4451.
Package hyperref Info: Plain pages OFF on input line 4458.
Package hyperref Info: Backreferencing OFF on input line 4463.
Package hyperref Info: Implicit mode ON; LaTeX internals redefined.
Package hyperref Info: Bookmarks ON on input line 4688.
LaTeX Info: Redefining \href on input line 4952.
\c@Hy@tempcnt=\count100
LaTeX Info: Redefining \url on input line 5041.
\XeTeXLinkMargin=\dimen105
\Fld@menulength=\count101
\Field@Width=\dimen106
\Fld@charsize=\dimen107
Package hyperref Info: Hyper figures OFF on input line 6295.
Package hyperref Info: Link nesting OFF on input line 6300.
Package hyperref Info: Hyper index ON on input line 6303.
Package hyperref Info: backreferencing OFF on input line 6310.
Package hyperref Info: Link coloring ON on input line 6313.
Package hyperref Info: Link coloring with OCG OFF on input line 6320.
Package hyperref Info: PDF/A mode OFF on input line 6325.
LaTeX Info: Redefining \ref on input line 6365.
LaTeX Info: Redefining \pageref on input line 6369.
\Hy@abspage=\count102
\c@Item=\count103
\c@Hfootnote=\count104
)

Package hyperref Message: Driver (autodetected): hpdftex.

(/usr/local/texlive/2014/texmf-dist/tex/latex/hyperref/hpdftex.def
File: hpdftex.def 2012/11/06 v6.83m Hyperref driver for pdfTeX
\Fld@listcount=\count105
\c@bookmark@seq@number=\count106

(/usr/local/texlive/2014/texmf-dist/tex/latex/oberdiek/rerunfilecheck.sty
Package: rerunfilecheck 2011/04/15 v1.7 Rerun checks for auxiliary files (HO)
Package uniquecounter Info: New unique counter `rerunfilecheck' on input line 2
82.
)
\Hy@SectionHShift=\skip46
)
(/usr/local/texlive/2014/texmf-dist/tex/latex/base/ifthen.sty
Package: ifthen 2001/05/26 v1.1c Standard LaTeX ifthen package (DPC)
)
Class revtex4-1 Info: Patching LaTeX tabular. on input line 10.


Class revtex4-1 Warning: Repair the float package.

Class revtex4-1 Info: Robustifying \LaTeX's \boldmath command on input line 10.

Class revtex4-1 Info: cite was not loaded (OK!) on input line 10.
Class revtex4-1 Info: mcite was not loaded (OK!) on input line 10.
Class revtex4-1 Info: multicol was not loaded (OK!) on input line 10.
(./tension.aux)
\openout1 = `tension.aux'.

LaTeX Font Info:    Checking defaults for OML/cmm/m/it on input line 10.
LaTeX Font Info:    ... okay on input line 10.
LaTeX Font Info:    Checking defaults for T1/cmr/m/n on input line 10.
LaTeX Font Info:    ... okay on input line 10.
LaTeX Font Info:    Checking defaults for OT1/cmr/m/n on input line 10.
LaTeX Font Info:    ... okay on input line 10.
LaTeX Font Info:    Checking defaults for OMS/cmsy/m/n on input line 10.
LaTeX Font Info:    ... okay on input line 10.
LaTeX Font Info:    Checking defaults for OMX/cmex/m/n on input line 10.
LaTeX Font Info:    ... okay on input line 10.
LaTeX Font Info:    Checking defaults for U/cmr/m/n on input line 10.
LaTeX Font Info:    ... okay on input line 10.
LaTeX Font Info:    Checking defaults for PD1/pdf/m/n on input line 10.
LaTeX Font Info:    ... okay on input line 10.

(/usr/local/texlive/2014/texmf-dist/tex/context/base/supp-pdf.mkii
[Loading MPS to PDF converter (version 2006.09.02).]
\scratchcounter=\count107
\scratchdimen=\dimen108
\scratchbox=\box43
\nofMPsegments=\count108
\nofMParguments=\count109
\everyMPshowfont=\toks19
\MPscratchCnt=\count110
\MPscratchDim=\dimen109
\MPnumerator=\count111
\makeMPintoPDFobject=\count112
\everyMPtoPDFconversion=\toks20
) (/usr/local/texlive/2014/texmf-dist/tex/latex/oberdiek/epstopdf-base.sty
Package: epstopdf-base 2010/02/09 v2.5 Base part for package epstopdf

(/usr/local/texlive/2014/texmf-dist/tex/latex/oberdiek/grfext.sty
Package: grfext 2010/08/19 v1.1 Manage graphics extensions (HO)
)
Package grfext Info: Graphics extension search list:
(grfext)             [.png,.pdf,.jpg,.mps,.jpeg,.jbig2,.jb2,.PNG,.PDF,.JPG,.JPE
G,.JBIG2,.JB2,.eps]
(grfext)             \AppendGraphicsExtensions on input line 452.

(/usr/local/texlive/2014/texmf-dist/tex/latex/latexconfig/epstopdf-sys.cfg
File: epstopdf-sys.cfg 2010/07/13 v1.3 Configuration of (r)epstopdf for TeX Liv
e
))
\AtBeginShipoutBox=\box44

(/usr/local/texlive/2014/texmf-dist/tex/latex/graphics/color.sty
Package: color 2014/04/23 v1.1a Standard LaTeX Color (DPC)

(/usr/local/texlive/2014/texmf-dist/tex/latex/latexconfig/color.cfg
File: color.cfg 2007/01/18 v1.5 color configuration of teTeX/TeXLive
)
Package color Info: Driver file: pdftex.def on input line 137.
)
Package hyperref Info: Link coloring ON on input line 10.

(/usr/local/texlive/2014/texmf-dist/tex/latex/hyperref/nameref.sty
Package: nameref 2012/10/27 v2.43 Cross-referencing by name of section

(/usr/local/texlive/2014/texmf-dist/tex/generic/oberdiek/gettitlestring.sty
Package: gettitlestring 2010/12/03 v1.4 Cleanup title references (HO)
)
\c@section@level=\count113
)
LaTeX Info: Redefining \ref on input line 10.
LaTeX Info: Redefining \pageref on input line 10.
LaTeX Info: Redefining \nameref on input line 10.

(./tension.out) (./tension.out)
\@outlinefile=\write4
\openout4 = `tension.out'.

Class revtex4-1 Info: Taking \maketitle back from hyperref on input line 10.
\openout3 = `tensionNotes.bib'.

LaTeX Font Info:    External font `cmex10' loaded for size
(Font)              <7> on input line 16.
LaTeX Font Info:    External font `cmex10' loaded for size
(Font)              <5> on input line 16.
LaTeX Font Info:    External font `cmex10' loaded for size
(Font)              <8> on input line 16.
LaTeX Font Info:    External font `cmex10' loaded for size
(Font)              <6> on input line 16.

<../comparison/plots/Bhattacharrya.pdf, id=15, 210.48637pt x 101.17801pt>
File: ../comparison/plots/Bhattacharrya.pdf Graphic file (type pdf)

<use ../comparison/plots/Bhattacharrya.pdf>
Package pdftex.def Info: ../comparison/plots/Bhattacharrya.pdf used on input li
ne 31.
(pdftex.def)             Requested size: 210.48584pt x 101.17775pt.
LaTeX Font Info:    External font `cmex10' loaded for size
(Font)              <9> on input line 34.

<../comparison/plots/Bhattacharrya_2.pdf, id=17, 79.79813pt x 101.17801pt>
File: ../comparison/plots/Bhattacharrya_2.pdf Graphic file (type pdf)

<use ../comparison/plots/Bhattacharrya_2.pdf>
Package pdftex.def Info: ../comparison/plots/Bhattacharrya_2.pdf used on input 
line 52.
(pdftex.def)             Requested size: 79.79791pt x 101.17775pt.

Underfull \hbox (badness 10000) in paragraph at lines 26--63

 []


Underfull \hbox (badness 2460) in paragraph at lines 26--63
\OT1/cmr/m/n/10 Another op-tion is to cal-cu-late the over-lap co-ef-fi-
 []

<../comparison/plots/overlap.pdf, id=23, 210.48637pt x 101.17801pt>
File: ../comparison/plots/overlap.pdf Graphic file (type pdf)

<use ../comparison/plots/overlap.pdf>
Package pdftex.def Info: ../comparison/plots/overlap.pdf used on input line 70.

(pdftex.def)             Requested size: 210.48584pt x 101.17775pt.

<../comparison/plots/overlap_2.pdf, id=28, 79.79813pt x 101.17801pt>
File: ../comparison/plots/overlap_2.pdf Graphic file (type pdf)

<use ../comparison/plots/overlap_2.pdf>
Package pdftex.def Info: ../comparison/plots/overlap_2.pdf used on input line 8
0.
(pdftex.def)             Requested size: 79.79791pt x 101.17775pt.

Underfull \hbox (badness 1571) in paragraph at lines 65--92
\OT1/cmr/m/n/10 com-par-isons of dis-tri-bu-tions where one dis-tri-bu-tion
 []


Underfull \hbox (badness 10000) in paragraph at lines 65--92

 []

[1{/usr/local/texlive/2014/texmf-var/fonts/map/pdftex/updmap/pdftex.map} <../co
mparison/plots/Bhattacharrya.pdf> <../comparison/plots/Bhattacharrya_2.pdf

pdfTeX warning: /usr/local/texlive/2014/bin/x86_64-darwin/pdflatex (file ../com
parison/plots/Bhattacharrya_2.pdf): PDF inclusion: multiple pdfs with page grou
p included in a single page
>]

LaTeX Warning: A float is stuck (cannot be placed); try class option [floatfix]
 on input line 92.

<../comparison/plots/Charnock.pdf, id=91, 210.48637pt x 112.97206pt>
File: ../comparison/plots/Charnock.pdf Graphic file (type pdf)

<use ../comparison/plots/Charnock.pdf>
Package pdftex.def Info: ../comparison/plots/Charnock.pdf used on input line 10
6.
(pdftex.def)             Requested size: 210.48584pt x 112.97177pt.

<../comparison/plots/Charnock_2.pdf, id=101, 79.79813pt x 112.97206pt>
File: ../comparison/plots/Charnock_2.pdf Graphic file (type pdf)

<use ../comparison/plots/Charnock_2.pdf>
Package pdftex.def Info: ../comparison/plots/Charnock_2.pdf used on input line 
121.
(pdftex.def)             Requested size: 79.79791pt x 112.97177pt.

<../comparison/plots/skew.pdf, id=110, 210.48637pt x 112.97206pt>
File: ../comparison/plots/skew.pdf Graphic file (type pdf)

<use ../comparison/plots/skew.pdf>
Package pdftex.def Info: ../comparison/plots/skew.pdf used on input line 136.
(pdftex.def)             Requested size: 210.48584pt x 112.97177pt.

Underfull \hbox (badness 1400) in paragraph at lines 100--157
\OT1/cmr/m/n/10 Integrating ar-eas un-der (or within) the prob-a-bil-ity
 []


Underfull \hbox (badness 10000) in paragraph at lines 100--157

 []


Underfull \hbox (badness 2065) in paragraph at lines 100--157
\OT1/cmr/m/n/10 Each of these meth-ods so far dis-cussed can deal
 []


Underfull \hbox (badness 10000) in paragraph at lines 100--157

 []

[2 <../comparison/plots/overlap.pdf> <../comparison/plots/overlap_2.pdf

pdfTeX warning: /usr/local/texlive/2014/bin/x86_64-darwin/pdflatex (file ../com
parison/plots/overlap_2.pdf): PDF inclusion: multiple pdfs with page group incl
uded in a single page
> <../comparison/plots/Charnock.pdf

pdfTeX warning: /usr/local/texlive/2014/bin/x86_64-darwin/pdflatex (file ../com
parison/plots/Charnock.pdf): PDF inclusion: multiple pdfs with page group inclu
ded in a single page
> <../comparison/plots/Charnock_2.pdf

pdfTeX warning: /usr/local/texlive/2014/bin/x86_64-darwin/pdflatex (file ../com
parison/plots/Charnock_2.pdf): PDF inclusion: multiple pdfs with page group inc
luded in a single page
>] <../comparison/plots/under.pdf, id=208, 210.48637pt x 187.902pt>
File: ../comparison/plots/under.pdf Graphic file (type pdf)

<use ../comparison/plots/under.pdf>
Package pdftex.def Info: ../comparison/plots/under.pdf used on input line 164.
(pdftex.def)             Requested size: 210.48584pt x 187.90154pt.

<../comparison/plots/under_2.pdf, id=214, 145.14226pt x 101.17801pt>
File: ../comparison/plots/under_2.pdf Graphic file (type pdf)

<use ../comparison/plots/under_2.pdf>
Package pdftex.def Info: ../comparison/plots/under_2.pdf used on input line 189
.
(pdftex.def)             Requested size: 145.14189pt x 101.17775pt.

<../comparison/plots/under_skew.pdf, id=224, 145.14226pt x 101.17801pt>
File: ../comparison/plots/under_skew.pdf Graphic file (type pdf)

<use ../comparison/plots/under_skew.pdf>
Package pdftex.def Info: ../comparison/plots/under_skew.pdf used on input line 
198.
(pdftex.def)             Requested size: 145.14189pt x 101.17775pt.

<../comparison/plots/2D.pdf, id=233, 210.48637pt x 448.07399pt>
File: ../comparison/plots/2D.pdf Graphic file (type pdf)

<use ../comparison/plots/2D.pdf>
Package pdftex.def Info: ../comparison/plots/2D.pdf used on input line 214.
(pdftex.def)             Requested size: 210.48584pt x 448.07288pt.

<../comparison/plots/2D_2.pdf, id=253, 210.48637pt x 101.17801pt>
File: ../comparison/plots/2D_2.pdf Graphic file (type pdf)

<use ../comparison/plots/2D_2.pdf>
Package pdftex.def Info: ../comparison/plots/2D_2.pdf used on input line 250.
(pdftex.def)             Requested size: 210.48584pt x 101.17775pt.

<../comparison/plots/under_2D.pdf, id=262, 145.14226pt x 101.17801pt>
File: ../comparison/plots/under_2D.pdf Graphic file (type pdf)

<use ../comparison/plots/under_2D.pdf>
Package pdftex.def Info: ../comparison/plots/under_2D.pdf used on input line 26
2.
(pdftex.def)             Requested size: 145.14189pt x 101.17775pt.

<../comparison/plots/skew_2D.pdf, id=267, 210.48637pt x 101.17801pt>
File: ../comparison/plots/skew_2D.pdf Graphic file (type pdf)

<use ../comparison/plots/skew_2D.pdf>
Package pdftex.def Info: ../comparison/plots/skew_2D.pdf used on input line 277
.
(pdftex.def)             Requested size: 210.48584pt x 101.17775pt.

<../comparison/plots/under_skew_2D.pdf, id=272, 145.14226pt x 101.17801pt>
File: ../comparison/plots/under_skew_2D.pdf Graphic file (type pdf)

<use ../comparison/plots/under_skew_2D.pdf>
Package pdftex.def Info: ../comparison/plots/under_skew_2D.pdf used on input li
ne 287.
(pdftex.def)             Requested size: 145.14189pt x 101.17775pt.

Underfull \hbox (badness 10000) in paragraph at lines 160--308

 []


Underfull \hbox (badness 10000) in paragraph at lines 160--308

 []


Underfull \hbox (badness 10000) in paragraph at lines 160--308

 []


Underfull \hbox (badness 10000) in paragraph at lines 160--308

 []


Underfull \hbox (badness 1406) in paragraph at lines 160--308
\OT1/cmr/m/n/10 There are other mea-sures which com-pare two dis-
 []

[3 <../comparison/plots/skew.pdf> <../comparison/plots/under.pdf

pdfTeX warning: /usr/local/texlive/2014/bin/x86_64-darwin/pdflatex (file ../com
parison/plots/under.pdf): PDF inclusion: multiple pdfs with page group included
 in a single page
>] [4 <../comparison/plots/under_2.pdf> <../comparison/plots/under_skew.pdf

pdfTeX warning: /usr/local/texlive/2014/bin/x86_64-darwin/pdflatex (file ../com
parison/plots/under_skew.pdf): PDF inclusion: multiple pdfs with page group inc
luded in a single page
>]

LaTeX Warning: A float is stuck (cannot be placed); try class option [floatfix]
 on input line 308.

[5 <../comparison/plots/2D.pdf> <../comparison/plots/2D_2.pdf

pdfTeX warning: /usr/local/texlive/2014/bin/x86_64-darwin/pdflatex (file ../com
parison/plots/2D_2.pdf): PDF inclusion: multiple pdfs with page group included 
in a single page
> <../comparison/plots/under_2D.pdf

pdfTeX warning: /usr/local/texlive/2014/bin/x86_64-darwin/pdflatex (file ../com
parison/plots/under_2D.pdf): PDF inclusion: multiple pdfs with page group inclu
ded in a single page
>]

LaTeX Warning: A float is stuck (cannot be placed); try class option [floatfix]
 on input line 308.

<../comparison/plots/surprise.pdf, id=456, 210.48637pt x 199.69606pt>
File: ../comparison/plots/surprise.pdf Graphic file (type pdf)

<use ../comparison/plots/surprise.pdf>
Package pdftex.def Info: ../comparison/plots/surprise.pdf used on input line 32
3.
(pdftex.def)             Requested size: 210.48584pt x 199.69556pt.

<../comparison/plots/surprise_2D.pdf, id=458, 212.21527pt x 199.69606pt>
File: ../comparison/plots/surprise_2D.pdf Graphic file (type pdf)

<use ../comparison/plots/surprise_2D.pdf>
Package pdftex.def Info: ../comparison/plots/surprise_2D.pdf used on input line
 349.
(pdftex.def)             Requested size: 212.21475pt x 199.69556pt.

<../comparison/plots/surprise_2.pdf, id=462, 213.49348pt x 199.69606pt>
File: ../comparison/plots/surprise_2.pdf Graphic file (type pdf)

<use ../comparison/plots/surprise_2.pdf>
Package pdftex.def Info: ../comparison/plots/surprise_2.pdf used on input line 
375.
(pdftex.def)             Requested size: 213.49297pt x 199.69556pt.

<../comparison/plots/surprise_skew.pdf, id=464, 148.14937pt x 199.69606pt>
File: ../comparison/plots/surprise_skew.pdf Graphic file (type pdf)

<use ../comparison/plots/surprise_skew.pdf>
Package pdftex.def Info: ../comparison/plots/surprise_skew.pdf used on input li
ne 394.
(pdftex.def)             Requested size: 148.149pt x 199.69556pt.

Underfull \hbox (badness 10000) in paragraph at lines 318--411

 []


Underfull \hbox (badness 1484) in paragraph at lines 318--411
\OT1/cmr/m/n/10 be-haviour changes the in-ter-pre-ta-tion of the re-sults
 []


Underfull \hbox (badness 10000) in paragraph at lines 318--411

 []


Underfull \hbox (badness 1546) in paragraph at lines 318--411
\OT1/cmr/m/n/10 This method is some-what use-ful quan-ti-fy-ing in-for-
 []


Underfull \hbox (badness 10000) in paragraph at lines 318--411

 []


Underfull \hbox (badness 6300) in paragraph at lines 318--411
\OT1/cmr/m/n/10 Other mea-sures gen-er-ally in-volve com-par-isons of
 []

[6 <../comparison/plots/skew_2D.pdf> <../comparison/plots/under_skew_2D.pdf

pdfTeX warning: /usr/local/texlive/2014/bin/x86_64-darwin/pdflatex (file ../com
parison/plots/under_skew_2D.pdf): PDF inclusion: multiple pdfs with page group 
included in a single page
> <../comparison/plots/surprise.pdf

pdfTeX warning: /usr/local/texlive/2014/bin/x86_64-darwin/pdflatex (file ../com
parison/plots/surprise.pdf): PDF inclusion: multiple pdfs with page group inclu
ded in a single page
>] [7 <../comparison/plots/surprise_2D.pdf> <../comparison/plots/surprise_2.pdf


pdfTeX warning: /usr/local/texlive/2014/bin/x86_64-darwin/pdflatex (file ../com
parison/plots/surprise_2.pdf): PDF inclusion: multiple pdfs with page group inc
luded in a single page
>]

LaTeX Warning: A float is stuck (cannot be placed); try class option [floatfix]
 on input line 411.


Underfull \hbox (badness 1178) in paragraph at lines 421--444
\OT1/cmr/m/n/10 as-sump-tions of the pa-ram-e-ter must be known and
 []


Underfull \hbox (badness 1052) in paragraph at lines 421--444
\OT1/cmr/m/n/10 sim-i-lar dis-tri-bu-tions score more highly whilst those
 []


Underfull \hbox (badness 10000) in paragraph at lines 421--444

 []


Underfull \hbox (badness 2635) in paragraph at lines 421--444
\OT1/cmr/m/n/10 Similarly, an-other mea-sure used in [[]] shifts one
 []


Underfull \hbox (badness 1184) in paragraph at lines 421--444
\OT1/cmr/m/n/10 dis-tri-bu-tion (in a some-what sim-i-lar way to the $\OML/cmm/
m/it/10 C$
 []


Underfull \hbox (badness 10000) in paragraph at lines 446--495

 []


Underfull \hbox (badness 10000) in paragraph at lines 446--495

 []

[8 <../comparison/plots/surprise_skew.pdf>] (./tension.bbl) [9]
Package atveryend Info: Empty hook `AfterLastShipout' on input line 498.
 (./tension.aux)
Package atveryend Info: Executing hook `AtVeryEndDocument' on input line 498.
Package atveryend Info: Executing hook `AtEndAfterFileList' on input line 498.
Package rerunfilecheck Info: File `tension.out' has not changed.
(rerunfilecheck)             Checksum: 67D10D847A293424692C353127420D3E;129.
 ) 
Here is how much of TeX's memory you used:
 7249 strings out of 493117
 106024 string characters out of 6135433
 250744 words of memory out of 5000000
 10592 multiletter control sequences out of 15000+600000
 9218 words of font info for 32 fonts, out of 8000000 for 9000
 1141 hyphenation exceptions out of 8191
 32i,11n,30p,818b,377s stack positions out of 5000i,500n,10000p,200000b,80000s
</usr/local/texlive/2014/texmf-dist/fonts/type1/public/amsfonts/cm/cmbx10.pfb
></usr/local/texlive/2014/texmf-dist/fonts/type1/public/amsfonts/cm/cmbx12.pfb>
</usr/local/texlive/2014/texmf-dist/fonts/type1/public/amsfonts/cm/cmbx7.pfb></
usr/local/texlive/2014/texmf-dist/fonts/type1/public/amsfonts/cm/cmbx9.pfb></us
r/local/texlive/2014/texmf-dist/fonts/type1/public/amsfonts/cm/cmex10.pfb></usr
/local/texlive/2014/texmf-dist/fonts/type1/public/amsfonts/cm/cmmi10.pfb></usr/
local/texlive/2014/texmf-dist/fonts/type1/public/amsfonts/cm/cmmi5.pfb></usr/lo
cal/texlive/2014/texmf-dist/fonts/type1/public/amsfonts/cm/cmmi7.pfb></usr/loca
l/texlive/2014/texmf-dist/fonts/type1/public/amsfonts/cm/cmmi9.pfb></usr/local/
texlive/2014/texmf-dist/fonts/type1/public/amsfonts/cm/cmr10.pfb></usr/local/te
xlive/2014/texmf-dist/fonts/type1/public/amsfonts/cm/cmr5.pfb></usr/local/texli
ve/2014/texmf-dist/fonts/type1/public/amsfonts/cm/cmr6.pfb></usr/local/texlive/
2014/texmf-dist/fonts/type1/public/amsfonts/cm/cmr7.pfb></usr/local/texlive/201
4/texmf-dist/fonts/type1/public/amsfonts/cm/cmr8.pfb></usr/local/texlive/2014/t
exmf-dist/fonts/type1/public/amsfonts/cm/cmr9.pfb></usr/local/texlive/2014/texm
f-dist/fonts/type1/public/amsfonts/cm/cmsy10.pfb></usr/local/texlive/2014/texmf
-dist/fonts/type1/public/amsfonts/cm/cmsy6.pfb></usr/local/texlive/2014/texmf-d
ist/fonts/type1/public/amsfonts/cm/cmsy7.pfb></usr/local/texlive/2014/texmf-dis
t/fonts/type1/public/amsfonts/cm/cmsy9.pfb></usr/local/texlive/2014/texmf-dist/
fonts/type1/public/amsfonts/cm/cmti10.pfb></usr/local/texlive/2014/texmf-dist/f
onts/type1/public/amsfonts/cm/cmti9.pfb>
Output written on tension.pdf (9 pages, 7475060 bytes).
PDF statistics:
 714 PDF objects out of 1000 (max. 8388607)
 439 compressed objects within 5 object streams
 49 named destinations out of 1000 (max. 500000)
 112 words of extra memory for PDF output out of 10000 (max. 10000000)

